Found Python version 3.11.9 (python3).
Selected out-of-process host.

                  %%%%%%
                 %%%%%%
            @   %%%%%%    @
          @@   %%%%%%      @@
       @@@    %%%%%%%%%%%    @@@
     @@      %%%%%%%%%%        @@
       @@         %%%%       @@
         @@      %%%       @@
           @@    %%      @@
                %%
                %


Azure Functions Core Tools
Core Tools Version:       4.0.6821 Commit hash: N/A +c09a2033faa7ecf51b3773308283af0ca9a99f83 (64-bit)
Function Runtime Version: 4.1036.1.23224

[2026-03-30T20:26:00.673Z] Building host: version spec: , startup suppressed: 'False', configuration suppressed: 'False', startup operation id: '8a31de64-6089-4fa8-aaa5-d8810f686c25'
[2026-03-30T20:26:00.755Z] Reading host configuration file '/Users/andrewredman/src/cost-api/host.json'
[2026-03-30T20:26:00.756Z] Host configuration file read:
[2026-03-30T20:26:00.757Z] {
[2026-03-30T20:26:00.757Z]   "version": "2.0",
[2026-03-30T20:26:00.757Z]   "logging": {
[2026-03-30T20:26:00.757Z]     "applicationInsights": {
[2026-03-30T20:26:00.757Z]       "samplingSettings": {
[2026-03-30T20:26:00.757Z]         "isEnabled": true,
[2026-03-30T20:26:00.757Z]         "excludedTypes": "Request"
[2026-03-30T20:26:00.757Z]       }
[2026-03-30T20:26:00.757Z]     }
[2026-03-30T20:26:00.757Z]   },
[2026-03-30T20:26:00.757Z]   "extensionBundle": {
[2026-03-30T20:26:00.757Z]     "id": "Microsoft.Azure.Functions.ExtensionBundle",
[2026-03-30T20:26:00.757Z]     "version": "[4.*, 5.0.0)"
[2026-03-30T20:26:00.757Z]   }
[2026-03-30T20:26:00.757Z] }
[2026-03-30T20:26:00.855Z] FUNCTIONS_WORKER_RUNTIME set to python. Skipping WorkerConfig for language: java
[2026-03-30T20:26:00.865Z] FUNCTIONS_WORKER_RUNTIME set to python. Skipping WorkerConfig for language: powershell
[2026-03-30T20:26:00.871Z] FUNCTIONS_WORKER_RUNTIME set to python. Skipping WorkerConfig for language: node
[2026-03-30T20:26:00.874Z] Looking for extension bundle Microsoft.Azure.Functions.ExtensionBundle at /Users/andrewredman/.azure-functions-core-tools/Functions/ExtensionBundles/Microsoft.Azure.Functions.ExtensionBundle
[2026-03-30T20:26:00.875Z] Found a matching extension bundle at /Users/andrewredman/.azure-functions-core-tools/Functions/ExtensionBundles/Microsoft.Azure.Functions.ExtensionBundle/4.32.0
[2026-03-30T20:26:00.911Z] Loading functions metadata
[2026-03-30T20:26:00.914Z] Worker indexing is enabled
[2026-03-30T20:26:00.916Z] Fetching metadata for workerRuntime: python
[2026-03-30T20:26:00.916Z] Reading functions metadata (Worker)
[2026-03-30T20:26:01.309Z]  INFO: Starting Azure Functions Python Worker.
[2026-03-30T20:26:01.310Z]  INFO: Worker ID: 0ddefe67-ded7-4abc-b73b-fa07c12c2c38, Request ID: 4d06ea9a-9662-4a92-ac1b-fad7ff93be33, Host Address: 127.0.0.1:56576
[2026-03-30T20:26:01.812Z]  INFO: Successfully opened gRPC channel to 127.0.0.1:56576 
[2026-03-30T20:26:01.813Z]  INFO: Detaching console logging.
[2026-03-30T20:26:03.972Z] Switched to gRPC logging.
[2026-03-30T20:26:04.011Z] Received WorkerInitRequest, python version 3.11.9 (v3.11.9:de54cf5be3, Apr  2 2024, 07:12:50) [Clang 13.0.0 (clang-1300.0.29.30)], worker version 4.31.0, request ID 4d06ea9a-9662-4a92-ac1b-fad7ff93be33. App Settings state: PYTHON_THREADPOOL_THREAD_COUNT: 1000 | PYTHON_ENABLE_INIT_INDEXING: 1 | PYTHON_ENABLE_WORKER_EXTENSIONS: False. To enable debug level logging, please refer to https://aka.ms/python-enable-debug-logging
[2026-03-30T20:26:04.716Z] Successfully processed FunctionMetadataRequest for functions: Function Name: health, Function Binding: [('httpTrigger', 'req', ''), ('http', '$return', '')] Function Name: subscription_cost, Function Binding: [('httpTrigger', 'req', ''), ('http', '$return', ''), ('httpTrigger', 'req', ''), ('http', '$return', '')]. Deferred bindings enabled: False.
[2026-03-30T20:26:04.716Z] Indexed function app and found 2 functions
[2026-03-30T20:26:04.856Z] Received WorkerMetadataRequest, request ID 4d06ea9a-9662-4a92-ac1b-fad7ff93be33, function_path: /Users/andrewredman/src/cost-api/function_app.py
[2026-03-30T20:26:04.891Z] 2 functions found (Worker)
[2026-03-30T20:26:04.903Z] 2 functions loaded
[2026-03-30T20:26:04.905Z] Looking for extension bundle Microsoft.Azure.Functions.ExtensionBundle at /Users/andrewredman/.azure-functions-core-tools/Functions/ExtensionBundles/Microsoft.Azure.Functions.ExtensionBundle
[2026-03-30T20:26:04.906Z] Found a matching extension bundle at /Users/andrewredman/.azure-functions-core-tools/Functions/ExtensionBundles/Microsoft.Azure.Functions.ExtensionBundle/4.32.0
[2026-03-30T20:26:04.906Z] Fetching information on versions of extension bundle Microsoft.Azure.Functions.ExtensionBundle available on https://functionscdn.azureedge.net/public/ExtensionBundles/Microsoft.Azure.Functions.ExtensionBundle/index.json
[2026-03-30T20:26:05.198Z] Skipping bundle download since it already exists at path /Users/andrewredman/.azure-functions-core-tools/Functions/ExtensionBundles/Microsoft.Azure.Functions.ExtensionBundle/4.32.0
[2026-03-30T20:26:05.202Z] Loading extension bundle from /Users/andrewredman/.azure-functions-core-tools/Functions/ExtensionBundles/Microsoft.Azure.Functions.ExtensionBundle/4.32.0/bin
[2026-03-30T20:26:05.202Z] Script Startup resetting load context with base path: '/Users/andrewredman/.azure-functions-core-tools/Functions/ExtensionBundles/Microsoft.Azure.Functions.ExtensionBundle/4.32.0/bin'.
[2026-03-30T20:26:05.338Z] Reading host configuration file '/Users/andrewredman/src/cost-api/host.json'
[2026-03-30T20:26:05.338Z] Host configuration file read:
[2026-03-30T20:26:05.338Z] {
[2026-03-30T20:26:05.338Z]   "version": "2.0",
[2026-03-30T20:26:05.338Z]   "logging": {
[2026-03-30T20:26:05.338Z]     "applicationInsights": {
[2026-03-30T20:26:05.338Z]       "samplingSettings": {
[2026-03-30T20:26:05.338Z]         "isEnabled": true,
[2026-03-30T20:26:05.338Z]         "excludedTypes": "Request"
[2026-03-30T20:26:05.338Z]       }
[2026-03-30T20:26:05.338Z]     }
[2026-03-30T20:26:05.338Z]   },
[2026-03-30T20:26:05.338Z]   "extensionBundle": {
[2026-03-30T20:26:05.338Z]     "id": "Microsoft.Azure.Functions.ExtensionBundle",
[2026-03-30T20:26:05.338Z]     "version": "[4.*, 5.0.0)"
[2026-03-30T20:26:05.338Z]   }
[2026-03-30T20:26:05.338Z] }
[2026-03-30T20:26:05.476Z] Starting host metrics provider.
[2026-03-30T20:26:05.568Z] FUNCTIONS_WORKER_RUNTIME set to python. Skipping WorkerConfig for language: java
[2026-03-30T20:26:05.569Z] FUNCTIONS_WORKER_RUNTIME set to python. Skipping WorkerConfig for language: powershell
[2026-03-30T20:26:05.569Z] FUNCTIONS_WORKER_RUNTIME set to python. Skipping WorkerConfig for language: node
[2026-03-30T20:26:05.571Z] FUNCTIONS_WORKER_RUNTIME set to python. Skipping WorkerConfig for language: java
[2026-03-30T20:26:05.571Z] FUNCTIONS_WORKER_RUNTIME set to python. Skipping WorkerConfig for language: powershell
[2026-03-30T20:26:05.571Z] FUNCTIONS_WORKER_RUNTIME set to python. Skipping WorkerConfig for language: node
[2026-03-30T20:26:05.661Z] Initializing Warmup Extension.
[2026-03-30T20:26:05.786Z] Initializing Host. OperationId: '8a31de64-6089-4fa8-aaa5-d8810f686c25'.
[2026-03-30T20:26:05.794Z] Host initialization: ConsecutiveErrors=0, StartupCount=1, OperationId=8a31de64-6089-4fa8-aaa5-d8810f686c25
[2026-03-30T20:26:05.841Z] LoggerFilterOptions
[2026-03-30T20:26:05.841Z] {
[2026-03-30T20:26:05.841Z]   "MinLevel": "None",
[2026-03-30T20:26:05.841Z]   "Rules": [
[2026-03-30T20:26:05.841Z]     {
[2026-03-30T20:26:05.841Z]       "ProviderName": null,
[2026-03-30T20:26:05.841Z]       "CategoryName": "Microsoft.Hosting.Lifetime",
[2026-03-30T20:26:05.841Z]       "LogLevel": "None",
[2026-03-30T20:26:05.841Z]       "Filter": null
[2026-03-30T20:26:05.841Z]     },
[2026-03-30T20:26:05.841Z]     {
[2026-03-30T20:26:05.841Z]       "ProviderName": "Azure.Functions.Cli.Diagnostics.ColoredConsoleLoggerProvider",
[2026-03-30T20:26:05.841Z]       "CategoryName": null,
[2026-03-30T20:26:05.841Z]       "LogLevel": "None",
[2026-03-30T20:26:05.841Z]       "Filter": null
[2026-03-30T20:26:05.841Z]     },
[2026-03-30T20:26:05.841Z]     {
[2026-03-30T20:26:05.841Z]       "ProviderName": "Azure.Functions.Cli.Diagnostics.ColoredConsoleLoggerProvider",
[2026-03-30T20:26:05.841Z]       "CategoryName": null,
[2026-03-30T20:26:05.841Z]       "LogLevel": null,
[2026-03-30T20:26:05.841Z]       "Filter": "<AddFilter>b__0"
[2026-03-30T20:26:05.841Z]     },
[2026-03-30T20:26:05.841Z]     {
[2026-03-30T20:26:05.841Z]       "ProviderName": null,
[2026-03-30T20:26:05.841Z]       "CategoryName": null,
[2026-03-30T20:26:05.841Z]       "LogLevel": null,
[2026-03-30T20:26:05.841Z]       "Filter": "<AddFilter>b__0"
[2026-03-30T20:26:05.841Z]     },
[2026-03-30T20:26:05.841Z]     {
[2026-03-30T20:26:05.841Z]       "ProviderName": null,
[2026-03-30T20:26:05.841Z]       "CategoryName": null,
[2026-03-30T20:26:05.841Z]       "LogLevel": null,
[2026-03-30T20:26:05.841Z]       "Filter": "<AddFilter>b__0"
[2026-03-30T20:26:05.841Z]     },
[2026-03-30T20:26:05.841Z]     {
[2026-03-30T20:26:05.841Z]       "ProviderName": "Microsoft.Azure.WebJobs.Script.WebHost.Diagnostics.SystemLoggerProvider",
[2026-03-30T20:26:05.841Z]       "CategoryName": null,
[2026-03-30T20:26:05.842Z]       "LogLevel": "None",
[2026-03-30T20:26:05.842Z]       "Filter": null
[2026-03-30T20:26:05.842Z]     },
[2026-03-30T20:26:05.842Z]     {
[2026-03-30T20:26:05.842Z]       "ProviderName": "Microsoft.Azure.WebJobs.Script.WebHost.Diagnostics.SystemLoggerProvider",
[2026-03-30T20:26:05.842Z]       "CategoryName": null,
[2026-03-30T20:26:05.842Z]       "LogLevel": null,
[2026-03-30T20:26:05.842Z]       "Filter": "<AddFilter>b__0"
[2026-03-30T20:26:05.842Z]     },
[2026-03-30T20:26:05.842Z]     {
[2026-03-30T20:26:05.842Z]       "ProviderName": "Azure.Functions.Cli.Diagnostics.ColoredConsoleLoggerProvider",
[2026-03-30T20:26:05.842Z]       "CategoryName": null,
[2026-03-30T20:26:05.842Z]       "LogLevel": null,
[2026-03-30T20:26:05.842Z]       "Filter": "<AddFilter>b__0"
[2026-03-30T20:26:05.842Z]     }
[2026-03-30T20:26:05.842Z]   ]
[2026-03-30T20:26:05.842Z] }
[2026-03-30T20:26:05.842Z] LoggerFilterOptions
[2026-03-30T20:26:05.842Z] {
[2026-03-30T20:26:05.842Z]   "MinLevel": "None",
[2026-03-30T20:26:05.842Z]   "Rules": [
[2026-03-30T20:26:05.842Z]     {
[2026-03-30T20:26:05.842Z]       "ProviderName": null,
[2026-03-30T20:26:05.842Z]       "CategoryName": "Microsoft.Hosting.Lifetime",
[2026-03-30T20:26:05.842Z]       "LogLevel": "None",
[2026-03-30T20:26:05.842Z]       "Filter": null
[2026-03-30T20:26:05.842Z]     },
[2026-03-30T20:26:05.842Z]     {
[2026-03-30T20:26:05.842Z]       "ProviderName": "Azure.Functions.Cli.Diagnostics.ColoredConsoleLoggerProvider",
[2026-03-30T20:26:05.842Z]       "CategoryName": null,
[2026-03-30T20:26:05.842Z]       "LogLevel": "None",
[2026-03-30T20:26:05.842Z]       "Filter": null
[2026-03-30T20:26:05.842Z]     },
[2026-03-30T20:26:05.842Z]     {
[2026-03-30T20:26:05.842Z]       "ProviderName": "Azure.Functions.Cli.Diagnostics.ColoredConsoleLoggerProvider",
[2026-03-30T20:26:05.842Z]       "CategoryName": null,
[2026-03-30T20:26:05.842Z]       "LogLevel": null,
[2026-03-30T20:26:05.842Z]       "Filter": "<AddFilter>b__0"
[2026-03-30T20:26:05.842Z]     },
[2026-03-30T20:26:05.842Z]     {
[2026-03-30T20:26:05.842Z]       "ProviderName": null,
[2026-03-30T20:26:05.842Z]       "CategoryName": null,
[2026-03-30T20:26:05.842Z]       "LogLevel": null,
[2026-03-30T20:26:05.842Z]       "Filter": "<AddFilter>b__0"
[2026-03-30T20:26:05.842Z]     },
[2026-03-30T20:26:05.843Z]     {
[2026-03-30T20:26:05.843Z]       "ProviderName": null,
[2026-03-30T20:26:05.843Z]       "CategoryName": null,
[2026-03-30T20:26:05.843Z]       "LogLevel": null,
[2026-03-30T20:26:05.843Z]       "Filter": "<AddFilter>b__0"
[2026-03-30T20:26:05.843Z]     },
[2026-03-30T20:26:05.843Z]     {
[2026-03-30T20:26:05.843Z]       "ProviderName": "Microsoft.Azure.WebJobs.Script.WebHost.Diagnostics.SystemLoggerProvider",
[2026-03-30T20:26:05.843Z]       "CategoryName": null,
[2026-03-30T20:26:05.843Z]       "LogLevel": "None",
[2026-03-30T20:26:05.843Z]       "Filter": null
[2026-03-30T20:26:05.843Z]     },
[2026-03-30T20:26:05.843Z]     {
[2026-03-30T20:26:05.843Z]       "ProviderName": "Microsoft.Azure.WebJobs.Script.WebHost.Diagnostics.SystemLoggerProvider",
[2026-03-30T20:26:05.843Z]       "CategoryName": null,
[2026-03-30T20:26:05.843Z]       "LogLevel": null,
[2026-03-30T20:26:05.843Z]       "Filter": "<AddFilter>b__0"
[2026-03-30T20:26:05.843Z]     },
[2026-03-30T20:26:05.843Z]     {
[2026-03-30T20:26:05.843Z]       "ProviderName": "Azure.Functions.Cli.Diagnostics.ColoredConsoleLoggerProvider",
[2026-03-30T20:26:05.843Z]       "CategoryName": null,
[2026-03-30T20:26:05.843Z]       "LogLevel": null,
[2026-03-30T20:26:05.843Z]       "Filter": "<AddFilter>b__0"
[2026-03-30T20:26:05.843Z]     }
[2026-03-30T20:26:05.843Z]   ]
[2026-03-30T20:26:05.843Z] }
[2026-03-30T20:26:05.843Z] LanguageWorkerOptions
[2026-03-30T20:26:05.843Z] {
[2026-03-30T20:26:05.843Z]   "WorkerConfigs": [
[2026-03-30T20:26:05.843Z]     {
[2026-03-30T20:26:05.843Z]       "Description": {
[2026-03-30T20:26:05.843Z]         "Language": "python",
[2026-03-30T20:26:05.843Z]         "DefaultRuntimeName": null,
[2026-03-30T20:26:05.843Z]         "DefaultRuntimeVersion": "3.11",
[2026-03-30T20:26:05.843Z]         "SupportedArchitectures": [
[2026-03-30T20:26:05.843Z]           "X64",
[2026-03-30T20:26:05.843Z]           "X86",
[2026-03-30T20:26:05.843Z]           "Arm64"
[2026-03-30T20:26:05.843Z]         ],
[2026-03-30T20:26:05.843Z]         "SupportedOperatingSystems": [
[2026-03-30T20:26:05.843Z]           "LINUX",
[2026-03-30T20:26:05.843Z]           "OSX",
[2026-03-30T20:26:05.843Z]           "WINDOWS"
[2026-03-30T20:26:05.843Z]         ],
[2026-03-30T20:26:05.843Z]         "SupportedRuntimeVersions": [
[2026-03-30T20:26:05.843Z]           "3.7",
[2026-03-30T20:26:05.843Z]           "3.8",
[2026-03-30T20:26:05.843Z]           "3.9",
[2026-03-30T20:26:05.843Z]           "3.10",
[2026-03-30T20:26:05.843Z]           "3.11",
[2026-03-30T20:26:05.843Z]           "3.12"
[2026-03-30T20:26:05.843Z]         ],
[2026-03-30T20:26:05.843Z]         "SanitizeRuntimeVersionRegex": null,
[2026-03-30T20:26:05.843Z]         "WorkerIndexing": "true",
[2026-03-30T20:26:05.843Z]         "Extensions": [
[2026-03-30T20:26:05.843Z]           ".py"
[2026-03-30T20:26:05.843Z]         ],
[2026-03-30T20:26:05.843Z]         "UseStdErrorStreamForErrorsOnly": false,
[2026-03-30T20:26:05.843Z]         "DefaultExecutablePath": "python3",
[2026-03-30T20:26:05.843Z]         "DefaultWorkerPath": "/usr/local/Cellar/azure-functions-core-tools@4/4.0.6821/workers/python/3.11/OSX/Arm64/worker.py",
[2026-03-30T20:26:05.843Z]         "WorkerDirectory": "/usr/local/Cellar/azure-functions-core-tools@4/4.0.6821/workers/python",
[2026-03-30T20:26:05.843Z]         "Arguments": [],
[2026-03-30T20:26:05.843Z]         "WorkerArguments": null,
[2026-03-30T20:26:05.843Z]         "IsDisabled": null
[2026-03-30T20:26:05.843Z]       },
[2026-03-30T20:26:05.843Z]       "Arguments": {
[2026-03-30T20:26:05.843Z]         "ExecutablePath": "python3",
[2026-03-30T20:26:05.843Z]         "ExecutableArguments": [],
[2026-03-30T20:26:05.843Z]         "WorkerPath": "/usr/local/Cellar/azure-functions-core-tools@4/4.0.6821/workers/python/3.11/OSX/Arm64/worker.py",
[2026-03-30T20:26:05.843Z]         "WorkerArguments": []
[2026-03-30T20:26:05.843Z]       },
[2026-03-30T20:26:05.843Z]       "CountOptions": {
[2026-03-30T20:26:05.843Z]         "SetProcessCountToNumberOfCpuCores": false,
[2026-03-30T20:26:05.843Z]         "ProcessCount": 1,
[2026-03-30T20:26:05.843Z]         "MaxProcessCount": 10,
[2026-03-30T20:26:05.843Z]         "ProcessStartupInterval": "00:00:10",
[2026-03-30T20:26:05.843Z]         "ProcessStartupTimeout": "00:01:00",
[2026-03-30T20:26:05.843Z]         "InitializationTimeout": "00:00:10",
[2026-03-30T20:26:05.843Z]         "EnvironmentReloadTimeout": "00:00:30",
[2026-03-30T20:26:05.843Z]         "ProcessRestartInterval": "00:00:10",
[2026-03-30T20:26:05.843Z]         "ProcessShutdownTimeout": "00:00:10"
[2026-03-30T20:26:05.843Z]       }
[2026-03-30T20:26:05.843Z]     }
[2026-03-30T20:26:05.843Z]   ]
[2026-03-30T20:26:05.843Z] }
[2026-03-30T20:26:05.843Z] FunctionResultAggregatorOptions
[2026-03-30T20:26:05.843Z] {
[2026-03-30T20:26:05.843Z]   "BatchSize": 1000,
[2026-03-30T20:26:05.843Z]   "FlushTimeout": "00:00:30",
[2026-03-30T20:26:05.844Z]   "IsEnabled": true
[2026-03-30T20:26:05.844Z] }
[2026-03-30T20:26:05.844Z] ConcurrencyOptions
[2026-03-30T20:26:05.844Z] {
[2026-03-30T20:26:05.844Z]   "DynamicConcurrencyEnabled": false,
[2026-03-30T20:26:05.844Z]   "MaximumFunctionConcurrency": 500,
[2026-03-30T20:26:05.844Z]   "CPUThreshold": 0.8,
[2026-03-30T20:26:05.844Z]   "SnapshotPersistenceEnabled": true
[2026-03-30T20:26:05.844Z] }
[2026-03-30T20:26:05.844Z] SingletonOptions
[2026-03-30T20:26:05.844Z] {
[2026-03-30T20:26:05.844Z]   "LockPeriod": "00:00:15",
[2026-03-30T20:26:05.844Z]   "ListenerLockPeriod": "00:00:15",
[2026-03-30T20:26:05.844Z]   "LockAcquisitionTimeout": "10675199.02:48:05.4775807",
[2026-03-30T20:26:05.844Z]   "LockAcquisitionPollingInterval": "00:00:05",
[2026-03-30T20:26:05.844Z]   "ListenerLockRecoveryPollingInterval": "00:01:00"
[2026-03-30T20:26:05.844Z] }
[2026-03-30T20:26:05.844Z] ScaleOptions
[2026-03-30T20:26:05.844Z] {
[2026-03-30T20:26:05.844Z]   "ScaleMetricsMaxAge": "00:02:00",
[2026-03-30T20:26:05.844Z]   "ScaleMetricsSampleInterval": "00:00:10",
[2026-03-30T20:26:05.844Z]   "MetricsPurgeEnabled": true,
[2026-03-30T20:26:05.844Z]   "IsTargetScalingEnabled": true,
[2026-03-30T20:26:05.844Z]   "IsRuntimeScalingEnabled": false
[2026-03-30T20:26:05.844Z] }
[2026-03-30T20:26:05.845Z] Starting JobHost
[2026-03-30T20:26:05.850Z] Starting Host (HostId=redbeardsmbp3-51999007, InstanceId=eb91ab9e-184b-4ec0-974b-c1126d1e19ab, Version=4.1036.1.23224, ProcessId=79871, AppDomainId=1, InDebugMode=False, InDiagnosticMode=False, FunctionsExtensionVersion=(null))
[2026-03-30T20:26:05.855Z] Loading functions metadata
[2026-03-30T20:26:05.856Z] Worker indexing is enabled
[2026-03-30T20:26:05.856Z] Fetching metadata for workerRuntime: python
[2026-03-30T20:26:05.856Z] Reading functions metadata (Worker)
[2026-03-30T20:26:05.860Z] Reading functions metadata (Custom)
[2026-03-30T20:26:05.870Z] 0 functions found (Custom)
[2026-03-30T20:26:05.874Z] 2 functions loaded
[2026-03-30T20:26:05.930Z] Generating 2 job function(s)
[2026-03-30T20:26:05.930Z] Worker process started and initialized.
[2026-03-30T20:26:05.934Z] Received WorkerLoadRequest, request ID 4d06ea9a-9662-4a92-ac1b-fad7ff93be33, function_id: c8e81137-41e9-5b1f-9d20-1a8170f90735,function_name: health, function_app_directory : /Users/andrewredman/src/cost-api
[2026-03-30T20:26:05.935Z] Successfully processed FunctionLoadRequest, request ID: 4d06ea9a-9662-4a92-ac1b-fad7ff93be33, function ID: c8e81137-41e9-5b1f-9d20-1a8170f90735,function Name: health,programming model: V2
[2026-03-30T20:26:05.935Z] Received WorkerLoadRequest, request ID 4d06ea9a-9662-4a92-ac1b-fad7ff93be33, function_id: e7714f8b-594a-50cc-a8f0-47415798d907,function_name: subscription_cost, function_app_directory : /Users/andrewredman/src/cost-api
[2026-03-30T20:26:05.935Z] Successfully processed FunctionLoadRequest, request ID: 4d06ea9a-9662-4a92-ac1b-fad7ff93be33, function ID: e7714f8b-594a-50cc-a8f0-47415798d907,function Name: subscription_cost,programming model: V2
[2026-03-30T20:26:06.005Z] Found the following functions:
[2026-03-30T20:26:06.005Z] Host.Functions.health
[2026-03-30T20:26:06.005Z] Host.Functions.subscription_cost
[2026-03-30T20:26:06.005Z] 
[2026-03-30T20:26:06.016Z] HttpOptions
[2026-03-30T20:26:06.016Z] {
[2026-03-30T20:26:06.016Z]   "DynamicThrottlesEnabled": false,
[2026-03-30T20:26:06.016Z]   "EnableChunkedRequestBinding": false,
[2026-03-30T20:26:06.016Z]   "MaxConcurrentRequests": -1,
[2026-03-30T20:26:06.016Z]   "MaxOutstandingRequests": -1,
[2026-03-30T20:26:06.016Z]   "RoutePrefix": "api"
[2026-03-30T20:26:06.017Z] }
[2026-03-30T20:26:06.019Z] Initializing function HTTP routes
[2026-03-30T20:26:06.019Z] Mapped function route 'api/health' [GET] to 'health'
[2026-03-30T20:26:06.019Z] Mapped function route 'api/cost/subscription' [GET,POST] to 'subscription_cost'
[2026-03-30T20:26:06.019Z] 
[2026-03-30T20:26:06.025Z] Host initialized (168ms)
[2026-03-30T20:26:06.028Z] Host started (177ms)
[2026-03-30T20:26:06.028Z] Job host started

Functions:

	health: [GET] http://localhost:7071/api/health

	subscription_cost: [GET,POST] http://localhost:7071/api/cost/subscription

[2026-03-30T20:26:11.014Z] Host lock lease acquired by instance ID '00000000000000000000000052D3C875'.
[2026-03-30T20:26:28.438Z] Executing HTTP request: {
[2026-03-30T20:26:28.438Z]   "requestId": "544e8113-7fcb-4277-9356-1ec87d995c38",
[2026-03-30T20:26:28.438Z]   "method": "HEAD",
[2026-03-30T20:26:28.438Z]   "userAgent": "curl/8.7.1",
[2026-03-30T20:26:28.438Z]   "uri": "/api/health"
[2026-03-30T20:26:28.438Z] }
[2026-03-30T20:26:28.862Z] Executed HTTP request: {
[2026-03-30T20:26:28.862Z]   "requestId": "544e8113-7fcb-4277-9356-1ec87d995c38",
[2026-03-30T20:26:28.862Z]   "identities": "",
[2026-03-30T20:26:28.862Z]   "status": "404",
[2026-03-30T20:26:28.862Z]   "duration": "424"
[2026-03-30T20:26:28.862Z] }
[2026-03-30T20:26:28.891Z] Executing HTTP request: {
[2026-03-30T20:26:28.891Z]   "requestId": "600281c3-c0fd-4e8b-b73e-425faec919bd",
[2026-03-30T20:26:28.891Z]   "method": "GET",
[2026-03-30T20:26:28.891Z]   "userAgent": "curl/8.7.1",
[2026-03-30T20:26:28.891Z]   "uri": "/api/cost/subscription"
[2026-03-30T20:26:28.891Z] }
[2026-03-30T20:26:29.074Z] Executing 'Functions.subscription_cost' (Reason='This function was programmatically called via the host APIs.', Id=0af62f70-c292-43bb-b8e0-1d236a10bb55)
[2026-03-30T20:26:29.135Z] Received FunctionInvocationRequest, request ID: 4d06ea9a-9662-4a92-ac1b-fad7ff93be33, function ID: e7714f8b-594a-50cc-a8f0-47415798d907, function name: subscription_cost, invocation ID: 0af62f70-c292-43bb-b8e0-1d236a10bb55, function type: sync, timestamp (UTC): 2026-03-30 20:26:29.134459, sync threadpool max workers: 1000
[2026-03-30T20:26:29.765Z] No environment configuration found.
[2026-03-30T20:26:29.768Z] ManagedIdentityCredential will use IMDS
[2026-03-30T20:26:29.769Z] Request URL: 'http://169.254.169.254/metadata/identity/oauth2/token?api-version=REDACTED&resource=REDACTED'
[2026-03-30T20:26:29.769Z] Request method: 'GET'
[2026-03-30T20:26:29.769Z] Request headers:
[2026-03-30T20:26:29.769Z]     'User-Agent': 'azsdk-python-identity/1.25.3 Python/3.11.9 (macOS-26.3.1-x86_64-i386-64bit)'
[2026-03-30T20:26:29.769Z] No body was attached to the request
[2026-03-30T20:26:33.107Z] DefaultAzureCredential acquired a token from AzureCliCredential
[2026-03-30T20:26:33.565Z] Executed 'Functions.subscription_cost' (Succeeded, Id=0af62f70-c292-43bb-b8e0-1d236a10bb55, Duration=4532ms)
[2026-03-30T20:26:33.589Z] Executed HTTP request: {
[2026-03-30T20:26:33.589Z]   "requestId": "600281c3-c0fd-4e8b-b73e-425faec919bd",
[2026-03-30T20:26:33.589Z]   "identities": "(WebJobsAuthLevel:Admin)",
[2026-03-30T20:26:33.589Z]   "status": "400",
[2026-03-30T20:26:33.590Z]   "duration": "4698"
[2026-03-30T20:26:33.590Z] }
[2026-03-30T20:26:33.602Z] Executing HTTP request: {
[2026-03-30T20:26:33.602Z]   "requestId": "693df817-976b-4621-8af4-7af09275c3f9",
[2026-03-30T20:26:33.602Z]   "method": "GET",
[2026-03-30T20:26:33.602Z]   "userAgent": "curl/8.7.1",
[2026-03-30T20:26:33.602Z]   "uri": "/api/cost/subscription"
[2026-03-30T20:26:33.602Z] }
[2026-03-30T20:26:33.619Z] Executing 'Functions.subscription_cost' (Reason='This function was programmatically called via the host APIs.', Id=508e3f79-90f4-4a92-86a0-6786801c6042)
[2026-03-30T20:26:33.630Z] Received FunctionInvocationRequest, request ID: 4d06ea9a-9662-4a92-ac1b-fad7ff93be33, function ID: e7714f8b-594a-50cc-a8f0-47415798d907, function name: subscription_cost, invocation ID: 508e3f79-90f4-4a92-86a0-6786801c6042, function type: sync, timestamp (UTC): 2026-03-30 20:26:33.629374, sync threadpool max workers: 1000
[2026-03-30T20:26:33.631Z] No environment configuration found.
[2026-03-30T20:26:33.631Z] ManagedIdentityCredential will use IMDS
[2026-03-30T20:26:33.632Z] Request URL: 'http://169.254.169.254/metadata/identity/oauth2/token?api-version=REDACTED&resource=REDACTED'
[2026-03-30T20:26:33.632Z] Request method: 'GET'
[2026-03-30T20:26:33.632Z] Request headers:
[2026-03-30T20:26:33.632Z]     'User-Agent': 'azsdk-python-identity/1.25.3 Python/3.11.9 (macOS-26.3.1-x86_64-i386-64bit)'
[2026-03-30T20:26:33.632Z] No body was attached to the request
[2026-03-30T20:26:34.286Z] DefaultAzureCredential acquired a token from AzureCliCredential
[2026-03-30T20:26:34.518Z] Executed 'Functions.subscription_cost' (Succeeded, Id=508e3f79-90f4-4a92-86a0-6786801c6042, Duration=905ms)
[2026-03-30T20:26:34.524Z] Executed HTTP request: {
[2026-03-30T20:26:34.524Z]   "requestId": "693df817-976b-4621-8af4-7af09275c3f9",
[2026-03-30T20:26:34.524Z]   "identities": "(WebJobsAuthLevel:Admin)",
[2026-03-30T20:26:34.524Z]   "status": "400",
[2026-03-30T20:26:34.524Z]   "duration": "921"
[2026-03-30T20:26:34.524Z] }
